#
# An unexpected error has been detected by Java Runtime Environment:
#
#  EXCEPTION_ACCESS_VIOLATION (0xc0000005) at pc=0x79b37fd3, pid=516, tid=876
#
# Java VM: Java HotSpot(TM) Client VM (11.2-b01 mixed mode windows-x86)
# Problematic frame:
# V  [jvm.dll+0x57fd3]
#
# If you would like to submit a bug report, please visit:
#   http://java.sun.com/webapps/bugreport/crash.jsp
#

---------------  T H R E A D  ---------------

Current thread (0x029bf800):  JavaThread "main" [_thread_in_vm, id=876, stack(0x00430000,0x00c30000)]

siginfo: ExceptionCode=0xc0000005, reading address 0xfffffffc

Registers:
EAX=0x00000000, EBX=0x00000000, ECX=0x00000000, EDX=0x00431b2c
ESP=0x00431af8, EBP=0x00000000, ESI=0x00431b2c, EDI=0x00000400
EIP=0x79b37fd3, EFLAGS=0x00010246

Top of Stack: (sp=0x00431af8)
0x00431af8:   00431b2c 79b387a6 00000000 00000000
0x00431b08:   00000000 79bad855 00431b2c 064e0060
0x00431b18:   064e0060 00431e8c 00431dd0 00001bf4
0x00431b28:   00000000 00000000 00431c00 1b329af8
0x00431b38:   7c946ee3 00000000 00000000 00000000
0x00431b48:   01090000 00000020 0d6d0089 029bf4a8
0x00431b58:   029bfb10 029bfb18 029bff04 00000400
0x00431b68:   064e007c 08673640 08673658 086736e8 

Instructions: (pc=0x79b37fd3)
0x79b37fc3:   04 56 8b f1 8b 4c 24 0c 89 06 89 46 14 89 4e 10
0x79b37fd3:   8b 40 fc 50 89 46 04 e8 91 09 02 00 83 c4 04 85 


Stack: [0x00430000,0x00c30000],  sp=0x00431af8,  free space=6k
Native frames: (J=compiled Java code, j=interpreted, Vv=VM code, C=native code)
V  [jvm.dll+0x57fd3]

[error occurred during error reporting (printing native stack), id 0xc0000005]


---------------  P R O C E S S  ---------------

Java Threads: ( => current thread )
  0x16f4f000 JavaThread "Thread-19" [_thread_blocked, id=1060, stack(0x18cc0000,0x18d40000)]
  0x16f48800 JavaThread "Thread-18" [_thread_blocked, id=2508, stack(0x18c40000,0x18cc0000)]
  0x16f37000 JavaThread "Thread-17" [_thread_blocked, id=1256, stack(0x18bc0000,0x18c40000)]
  0x16f35000 JavaThread "Thread-16" [_thread_blocked, id=2296, stack(0x18b40000,0x18bc0000)]
  0x16f46800 JavaThread "Thread-15" [_thread_blocked, id=1044, stack(0x18ac0000,0x18b40000)]
  0x16e28c00 JavaThread "Thread-13" [_thread_blocked, id=3176, stack(0x17e30000,0x17eb0000)]
  0x16e21400 JavaThread "Active Reference Queue Daemon" daemon [_thread_blocked, id=592, stack(0x17d30000,0x17db0000)]
  0x16dbe800 JavaThread "Timer-4" daemon [_thread_blocked, id=2184, stack(0x17b30000,0x17bb0000)]
  0x168fbc00 JavaThread "FelixPackageAdmin" daemon [_thread_blocked, id=2144, stack(0x17cb0000,0x17d30000)]
  0x167d3400 JavaThread "FelixStartLevel" daemon [_thread_blocked, id=4012, stack(0x17c30000,0x17cb0000)]
  0x16e0c800 JavaThread "FelixDispatchQueue" daemon [_thread_blocked, id=2152, stack(0x17bb0000,0x17c30000)]
  0x16de2800 JavaThread "Timer-3" daemon [_thread_blocked, id=2476, stack(0x17a60000,0x17ae0000)]
  0x16e4ac00 JavaThread "Prefs Updater" daemon [_thread_blocked, id=3988, stack(0x17960000,0x179e0000)]
  0x16ce2000 JavaThread "Timer-1" [_thread_blocked, id=1976, stack(0x17790000,0x17810000)]
  0x16ac2000 JavaThread "TimerQueue" daemon [_thread_blocked, id=1304, stack(0x176d0000,0x17750000)]
  0x16adfc00 JavaThread "AWT-EventQueue-0" [_thread_blocked, id=2548, stack(0x17630000,0x176b0000)]
  0x161b4800 JavaThread "Timer-0" [_thread_blocked, id=2252, stack(0x16490000,0x16510000)]
  0x161a5400 JavaThread "AWT-Windows" daemon [_thread_in_native, id=3148, stack(0x16410000,0x16490000)]
  0x1619b400 JavaThread "AWT-Shutdown" [_thread_blocked, id=2260, stack(0x16390000,0x16410000)]
  0x1618c800 JavaThread "Java2D Disposer" daemon [_thread_blocked, id=3808, stack(0x16310000,0x16390000)]
  0x16132c00 JavaThread "JMI Unnamed Thread" [_thread_in_native, id=3512, stack(0x034e0000,0x03ce0000)]
  0x0657b800 JavaThread "Low Memory Detector" daemon [_thread_blocked, id=2212, stack(0x15890000,0x15910000)]
  0x06576000 JavaThread "CompilerThread0" daemon [_thread_blocked, id=3000, stack(0x15090000,0x15890000)]
  0x06574800 JavaThread "Attach Listener" daemon [_thread_blocked, id=212, stack(0x14750000,0x147d0000)]
  0x06564c00 JavaThread "Finalizer" daemon [_thread_blocked, id=3304, stack(0x146d0000,0x14750000)]
  0x06560000 JavaThread "Reference Handler" daemon [_thread_blocked, id=1792, stack(0x14650000,0x146d0000)]
=>0x029bf800 JavaThread "main" [_thread_in_vm, id=876, stack(0x00430000,0x00c30000)]

Other Threads:
  0x0655b000 VMThread [stack: 0x14890000,0x15090000] [id=2208]
  0x06586800 WatcherThread [stack: 0x15910000,0x16110000] [id=1088]

VM state:not at safepoint (normal execution)

VM Mutex/Monitor currently owned by a thread: None

Heap
 def new generation   total 14784K, used 1645K [0x085e0000, 0x095e0000, 0x0a5e0000)
  eden space 13184K,   6% used [0x085e0000, 0x086b5ed0, 0x092c0000)
  from space 1600K,  49% used [0x092c0000, 0x093857a0, 0x09450000)
  to   space 1600K,   0% used [0x09450000, 0x09450000, 0x095e0000)
 tenured generation   total 49152K, used 39873K [0x0a5e0000, 0x0d5e0000, 0x105e0000)
   the space 49152K,  81% used [0x0a5e0000, 0x0ccd0708, 0x0ccd0800, 0x0d5e0000)
 compacting perm gen  total 34816K, used 34592K [0x105e0000, 0x127e0000, 0x145e0000)
   the space 34816K,  99% used [0x105e0000, 0x127a8058, 0x127a8200, 0x127e0000)
No shared spaces configured.

Dynamic libraries:
